[45804:28276:0318/220441.689:INFO:chrome_browser_cloud_management_controller.cc(196)] No machine level policy manager exists.
[39176:49816:0318/220442.313:WARNING:viz_main_impl.cc(85)] VizNullHypothesis is disabled (not a warning)
[31232:26832:0318/220443.050:INFO:peer_connection_dependency_factory.cc(802)] Running WebRTC with a combined Network and Worker thread.
[45804:28276:0318/220447.959:INFO:CONSOLE(0)] "Error with Feature-Policy header: Unrecognized feature: 'speaker'.", source:  (0)
[31232:26832:0318/220449.436:INFO:peer_connection_dependency_factory.cc(802)] Running WebRTC with a combined Network and Worker thread.
[39176:49816:0318/220450.626:ERROR:gles2_cmd_decoder_passthrough.cc(1094)] [GroupMarkerNotSet(crbug.com/242999)!:A09028001C370000]Automatic fallback to software WebGL has been deprecated. Please use the --enable-unsafe-swiftshader flag to opt in to lower security guarantees for trusted content.
[45804:28276:0318/220451.690:INFO:CONSOLE(0)] "Not signed in with the identity provider.", source: https://stackoverflow.com/questions/61696280/locate-tweet-like-button-using-xpath-selenium-python (0)
[45804:28276:0318/220451.933:WARNING:download_manager_impl.cc(701)] A download with the same GUID already exists, the new request is ignored.
[45804:28276:0318/220452.018:WARNING:controller_impl.cc(1187)] Background download complete, client: 6, completion type: 0, file size:5157
[45804:28276:0318/220452.369:INFO:CONSOLE(72)] "[GSI_LOGGER]: FedCM get() rejects with NetworkError: Error retrieving a token.", source: https://accounts.google.com/gsi/client (72)
[39176:49816:0318/220452.600:ERROR:gles2_cmd_decoder_passthrough.cc(1094)] [GroupMarkerNotSet(crbug.com/242999)!:A09028001C370000]Automatic fallback to software WebGL has been deprecated. Please use the --enable-unsafe-swiftshader flag to opt in to lower security guarantees for trusted content.
[45804:28276:0318/220452.736:INFO:CONSOLE(9633)] "LegacyDataMixin will be applied to all legacy elements.
Set `_legacyUndefinedCheck: true` on element class to enable.", source: https://www.youtube.com/s/_/ytmainappweb/_/js/k=ytmainappweb.kevlar_base.en_US.33IAEaKw9Hg.es5.O/d=0/br=1/rs=AGKMywELCuV2JuOIoouJGxhdWE0BvZgSdA (9633)
[39176:49816:0318/220454.905:ERROR:gles2_cmd_decoder_passthrough.cc(1094)] [GroupMarkerNotSet(crbug.com/242999)!:A09028001C370000]Automatic fallback to software WebGL has been deprecated. Please use the --enable-unsafe-swiftshader flag to opt in to lower security guarantees for trusted content.
[45804:28276:0318/220455.020:INFO:CONSOLE(0)] "[GroupMarkerNotSet(crbug.com/242999)!:A09028001C370000]Automatic fallback to software WebGL has been deprecated. Please use the --enable-unsafe-swiftshader flag to opt in to lower security guarantees for trusted content.", source: https://www.youtube.com/watch?v=4Crzd5WbTxM (0)
[45804:28276:0318/220455.286:WARNING:capture_device_ranking.h(255)] Can't initialize the value of media.audio_input.user_preference_ranking because media.default_audio_capture_device isn't registered or is empty
[45804:28276:0318/220455.286:WARNING:capture_device_ranking.h(255)] Can't initialize the value of media.video_input.user_preference_ranking because media.default_video_capture_Device isn't registered or is empty
[45804:28276:0318/220456.569:INFO:CONSOLE(19)] "Uncaught Error: Minified exception occurred; use the non-minified dev environment for the full error message and additional helpful warnings.", source: https://abs.twimg.com/responsive-web/client-web/vendor.b44439ba.js (19)
[45804:28276:0318/220456.659:INFO:CONSOLE(86)] "Uncaught TypeError: Cannot read properties of undefined (reading 'getIn')", source: https://abs.twimg.com/responsive-web/client-web/vendor.b44439ba.js (86)
[45804:28276:0318/220456.667:INFO:CONSOLE(86)] "Uncaught TypeError: Cannot read properties of undefined (reading 'getIn')", source: https://abs.twimg.com/responsive-web/client-web/vendor.b44439ba.js (86)
[45804:28276:0318/220456.678:INFO:CONSOLE(86)] "Uncaught TypeError: Cannot read properties of undefined (reading 'getIn')", source: https://abs.twimg.com/responsive-web/client-web/vendor.b44439ba.js (86)
[45804:28276:0318/220456.697:INFO:CONSOLE(86)] "Uncaught TypeError: Cannot read properties of undefined (reading 'getIn')", source: https://abs.twimg.com/responsive-web/client-web/vendor.b44439ba.js (86)
[45804:28276:0318/220456.700:INFO:CONSOLE(86)] "Uncaught TypeError: Cannot read properties of undefined (reading 'getIn')", source: https://abs.twimg.com/responsive-web/client-web/vendor.b44439ba.js (86)
[45804:28276:0318/220456.708:INFO:CONSOLE(86)] "Uncaught TypeError: Cannot read properties of undefined (reading 'getIn')", source: https://abs.twimg.com/responsive-web/client-web/vendor.b44439ba.js (86)
[45804:28276:0318/220456.718:INFO:CONSOLE(86)] "Uncaught TypeError: Cannot read properties of undefined (reading 'getIn')", source: https://abs.twimg.com/responsive-web/client-web/vendor.b44439ba.js (86)
[45804:28276:0318/220456.721:INFO:CONSOLE(86)] "Uncaught TypeError: Cannot read properties of undefined (reading 'getIn')", source: https://abs.twimg.com/responsive-web/client-web/vendor.b44439ba.js (86)
[45804:28276:0318/220456.733:INFO:CONSOLE(86)] "Uncaught TypeError: Cannot read properties of undefined (reading 'getIn')", source: https://abs.twimg.com/responsive-web/client-web/vendor.b44439ba.js (86)
[45804:28276:0318/220456.739:INFO:CONSOLE(86)] "Uncaught TypeError: Cannot read properties of undefined (reading 'getIn')", source: https://abs.twimg.com/responsive-web/client-web/vendor.b44439ba.js (86)
[45804:28276:0318/220456.750:INFO:CONSOLE(86)] "Uncaught TypeError: Cannot read properties of undefined (reading 'getIn')", source: https://abs.twimg.com/responsive-web/client-web/vendor.b44439ba.js (86)
[45804:28276:0318/220456.758:INFO:CONSOLE(86)] "Uncaught TypeError: Cannot read properties of undefined (reading 'getIn')", source: https://abs.twimg.com/responsive-web/client-web/vendor.b44439ba.js (86)
[45804:28276:0318/220456.765:INFO:CONSOLE(86)] "Uncaught TypeError: Cannot read properties of undefined (reading 'getIn')", source: https://abs.twimg.com/responsive-web/client-web/vendor.b44439ba.js (86)
[45804:28276:0318/220456.769:INFO:CONSOLE(86)] "Uncaught TypeError: Cannot read properties of undefined (reading 'getIn')", source: https://abs.twimg.com/responsive-web/client-web/vendor.b44439ba.js (86)
[45804:28276:0318/220456.778:INFO:CONSOLE(86)] "Uncaught TypeError: Cannot read properties of undefined (reading 'getIn')", source: https://abs.twimg.com/responsive-web/client-web/vendor.b44439ba.js (86)
[45804:28276:0318/220456.785:INFO:CONSOLE(86)] "Uncaught TypeError: Cannot read properties of undefined (reading 'getIn')", source: https://abs.twimg.com/responsive-web/client-web/vendor.b44439ba.js (86)
[45804:28276:0318/220456.797:INFO:CONSOLE(86)] "Uncaught TypeError: Cannot read properties of undefined (reading 'getIn')", source: https://abs.twimg.com/responsive-web/client-web/vendor.b44439ba.js (86)
[45804:28276:0318/220456.800:INFO:CONSOLE(86)] "Uncaught TypeError: Cannot read properties of undefined (reading 'getIn')", source: https://abs.twimg.com/responsive-web/client-web/vendor.b44439ba.js (86)
[45804:28276:0318/220456.808:INFO:CONSOLE(86)] "Uncaught TypeError: Cannot read properties of undefined (reading 'getIn')", source: https://abs.twimg.com/responsive-web/client-web/vendor.b44439ba.js (86)
[45804:28276:0318/220456.810:INFO:CONSOLE(86)] "Uncaught TypeError: Cannot read properties of undefined (reading 'getIn')", source: https://abs.twimg.com/responsive-web/client-web/vendor.b44439ba.js (86)
[45804:28276:0318/220456.819:INFO:CONSOLE(86)] "Uncaught TypeError: Cannot read properties of undefined (reading 'getIn')", source: https://abs.twimg.com/responsive-web/client-web/vendor.b44439ba.js (86)
[45804:28276:0318/220456.829:INFO:CONSOLE(86)] "Uncaught TypeError: Cannot read properties of undefined (reading 'getIn')", source: https://abs.twimg.com/responsive-web/client-web/vendor.b44439ba.js (86)
[45804:28276:0318/220456.835:INFO:CONSOLE(86)] "Uncaught TypeError: Cannot read properties of undefined (reading 'getIn')", source: https://abs.twimg.com/responsive-web/client-web/vendor.b44439ba.js (86)
[45804:28276:0318/220456.843:INFO:CONSOLE(86)] "Uncaught TypeError: Cannot read properties of undefined (reading 'getIn')", source: https://abs.twimg.com/responsive-web/client-web/vendor.b44439ba.js (86)
[45804:28276:0318/220456.848:INFO:CONSOLE(86)] "Uncaught TypeError: Cannot read properties of undefined (reading 'getIn')", source: https://abs.twimg.com/responsive-web/client-web/vendor.b44439ba.js (86)
[45804:28276:0318/220456.852:INFO:CONSOLE(86)] "Uncaught TypeError: Cannot read properties of undefined (reading 'getIn')", source: https://abs.twimg.com/responsive-web/client-web/vendor.b44439ba.js (86)
[45804:28276:0318/220456.875:INFO:CONSOLE(86)] "Uncaught TypeError: Cannot read properties of undefined (reading 'getIn')", source: https://abs.twimg.com/responsive-web/client-web/vendor.b44439ba.js (86)
[45804:28276:0318/220456.885:INFO:CONSOLE(86)] "Uncaught TypeError: Cannot read properties of undefined (reading 'getIn')", source: https://abs.twimg.com/responsive-web/client-web/vendor.b44439ba.js (86)
[45804:28276:0318/220456.893:INFO:CONSOLE(86)] "Uncaught TypeError: Cannot read properties of undefined (reading 'getIn')", source: https://abs.twimg.com/responsive-web/client-web/vendor.b44439ba.js (86)
[45804:28276:0318/220456.928:INFO:CONSOLE(86)] "Uncaught TypeError: Cannot read properties of undefined (reading 'getIn')", source: https://abs.twimg.com/responsive-web/client-web/vendor.b44439ba.js (86)
[45804:28276:0318/220456.934:INFO:CONSOLE(86)] "Uncaught TypeError: Cannot read properties of undefined (reading 'getIn')", source: https://abs.twimg.com/responsive-web/client-web/vendor.b44439ba.js (86)
[45804:28276:0318/220456.942:INFO:CONSOLE(86)] "Uncaught TypeError: Cannot read properties of undefined (reading 'getIn')", source: https://abs.twimg.com/responsive-web/client-web/vendor.b44439ba.js (86)
[45804:28276:0318/220456.956:INFO:CONSOLE(86)] "Uncaught TypeError: Cannot read properties of undefined (reading 'getIn')", source: https://abs.twimg.com/responsive-web/client-web/vendor.b44439ba.js (86)
[45804:28276:0318/220456.963:INFO:CONSOLE(86)] "Uncaught TypeError: Cannot read properties of undefined (reading 'getIn')", source: https://abs.twimg.com/responsive-web/client-web/vendor.b44439ba.js (86)
[45804:28276:0318/220456.973:INFO:CONSOLE(86)] "Uncaught TypeError: Cannot read properties of undefined (reading 'getIn')", source: https://abs.twimg.com/responsive-web/client-web/vendor.b44439ba.js (86)
[45804:28276:0318/220456.978:INFO:CONSOLE(86)] "Uncaught TypeError: Cannot read properties of undefined (reading 'getIn')", source: https://abs.twimg.com/responsive-web/client-web/vendor.b44439ba.js (86)
[45804:28276:0318/220456.982:INFO:CONSOLE(86)] "Uncaught TypeError: Cannot read properties of undefined (reading 'getIn')", source: https://abs.twimg.com/responsive-web/client-web/vendor.b44439ba.js (86)
[45804:28276:0318/220456.990:INFO:CONSOLE(86)] "Uncaught TypeError: Cannot read properties of undefined (reading 'getIn')", source: https://abs.twimg.com/responsive-web/client-web/vendor.b44439ba.js (86)
[45804:28276:0318/220456.998:INFO:CONSOLE(86)] "Uncaught TypeError: Cannot read properties of undefined (reading 'getIn')", source: https://abs.twimg.com/responsive-web/client-web/vendor.b44439ba.js (86)
[45804:28276:0318/220456.998:INFO:CONSOLE(86)] "Uncaught TypeError: Cannot read properties of undefined (reading 'getIn')", source: https://abs.twimg.com/responsive-web/client-web/vendor.b44439ba.js (86)
[45804:28276:0318/220457.008:INFO:CONSOLE(86)] "Uncaught TypeError: Cannot read properties of undefined (reading 'getIn')", source: https://abs.twimg.com/responsive-web/client-web/vendor.b44439ba.js (86)
[45804:28276:0318/220457.018:INFO:CONSOLE(86)] "Uncaught TypeError: Cannot read properties of undefined (reading 'getIn')", source: https://abs.twimg.com/responsive-web/client-web/vendor.b44439ba.js (86)
[45804:28276:0318/220457.026:INFO:CONSOLE(86)] "Uncaught TypeError: Cannot read properties of undefined (reading 'getIn')", source: https://abs.twimg.com/responsive-web/client-web/vendor.b44439ba.js (86)
[45804:28276:0318/220457.036:INFO:CONSOLE(86)] "Uncaught TypeError: Cannot read properties of undefined (reading 'getIn')", source: https://abs.twimg.com/responsive-web/client-web/vendor.b44439ba.js (86)
[45804:28276:0318/220457.041:INFO:CONSOLE(86)] "Uncaught TypeError: Cannot read properties of undefined (reading 'getIn')", source: https://abs.twimg.com/responsive-web/client-web/vendor.b44439ba.js (86)
[45804:28276:0318/220457.050:INFO:CONSOLE(86)] "Uncaught TypeError: Cannot read properties of undefined (reading 'getIn')", source: https://abs.twimg.com/responsive-web/client-web/vendor.b44439ba.js (86)
[45804:28276:0318/220457.178:INFO:CONSOLE(86)] "Uncaught TypeError: Cannot read properties of undefined (reading 'getIn')", source: https://abs.twimg.com/responsive-web/client-web/vendor.b44439ba.js (86)
[45804:28276:0318/220457.184:INFO:CONSOLE(86)] "Uncaught TypeError: Cannot read properties of undefined (reading 'getIn')", source: https://abs.twimg.com/responsive-web/client-web/vendor.b44439ba.js (86)
[45804:28276:0318/220457.193:INFO:CONSOLE(86)] "Uncaught TypeError: Cannot read properties of undefined (reading 'getIn')", source: https://abs.twimg.com/responsive-web/client-web/vendor.b44439ba.js (86)
[45804:28276:0318/220457.201:INFO:CONSOLE(86)] "Uncaught TypeError: Cannot read properties of undefined (reading 'getIn')", source: https://abs.twimg.com/responsive-web/client-web/vendor.b44439ba.js (86)
[45804:28276:0318/220457.208:INFO:CONSOLE(86)] "Uncaught TypeError: Cannot read properties of undefined (reading 'getIn')", source: https://abs.twimg.com/responsive-web/client-web/vendor.b44439ba.js (86)
[45804:28276:0318/220457.218:INFO:CONSOLE(86)] "Uncaught TypeError: Cannot read properties of undefined (reading 'getIn')", source: https://abs.twimg.com/responsive-web/client-web/vendor.b44439ba.js (86)
[45804:28276:0318/220457.225:INFO:CONSOLE(86)] "Uncaught TypeError: Cannot read properties of undefined (reading 'getIn')", source: https://abs.twimg.com/responsive-web/client-web/vendor.b44439ba.js (86)
[45804:28276:0318/220457.229:INFO:CONSOLE(86)] "Uncaught TypeError: Cannot read properties of undefined (reading 'getIn')", source: https://abs.twimg.com/responsive-web/client-web/vendor.b44439ba.js (86)
[45804:28276:0318/220457.242:INFO:CONSOLE(86)] "Uncaught TypeError: Cannot read properties of undefined (reading 'getIn')", source: https://abs.twimg.com/responsive-web/client-web/vendor.b44439ba.js (86)
[45804:28276:0318/220457.248:INFO:CONSOLE(86)] "Uncaught TypeError: Cannot read properties of undefined (reading 'getIn')", source: https://abs.twimg.com/responsive-web/client-web/vendor.b44439ba.js (86)
[45804:28276:0318/220457.250:INFO:CONSOLE(86)] "Uncaught TypeError: Cannot read properties of undefined (reading 'getIn')", source: https://abs.twimg.com/responsive-web/client-web/vendor.b44439ba.js (86)
[45804:28276:0318/220457.260:INFO:CONSOLE(86)] "Uncaught TypeError: Cannot read properties of undefined (reading 'getIn')", source: https://abs.twimg.com/responsive-web/client-web/vendor.b44439ba.js (86)
[45804:28276:0318/220457.268:INFO:CONSOLE(86)] "Uncaught TypeError: Cannot read properties of undefined (reading 'getIn')", source: https://abs.twimg.com/responsive-web/client-web/vendor.b44439ba.js (86)
[45804:28276:0318/220457.278:INFO:CONSOLE(86)] "Uncaught TypeError: Cannot read properties of undefined (reading 'getIn')", source: https://abs.twimg.com/responsive-web/client-web/vendor.b44439ba.js (86)
[45804:28276:0318/220457.291:INFO:CONSOLE(86)] "Uncaught TypeError: Cannot read properties of undefined (reading 'getIn')", source: https://abs.twimg.com/responsive-web/client-web/vendor.b44439ba.js (86)
[45804:28276:0318/220457.299:INFO:CONSOLE(86)] "Uncaught TypeError: Cannot read properties of undefined (reading 'getIn')", source: https://abs.twimg.com/responsive-web/client-web/vendor.b44439ba.js (86)
[45804:28276:0318/220457.308:INFO:CONSOLE(86)] "Uncaught TypeError: Cannot read properties of undefined (reading 'getIn')", source: https://abs.twimg.com/responsive-web/client-web/vendor.b44439ba.js (86)
[45804:28276:0318/220457.315:INFO:CONSOLE(86)] "Uncaught TypeError: Cannot read properties of undefined (reading 'getIn')", source: https://abs.twimg.com/responsive-web/client-web/vendor.b44439ba.js (86)
[45804:28276:0318/220457.323:INFO:CONSOLE(86)] "Uncaught TypeError: Cannot read properties of undefined (reading 'getIn')", source: https://abs.twimg.com/responsive-web/client-web/vendor.b44439ba.js (86)
[45804:28276:0318/220457.332:INFO:CONSOLE(86)] "Uncaught TypeError: Cannot read properties of undefined (reading 'getIn')", source: https://abs.twimg.com/responsive-web/client-web/vendor.b44439ba.js (86)
[45804:28276:0318/220457.340:INFO:CONSOLE(86)] "Uncaught TypeError: Cannot read properties of undefined (reading 'getIn')", source: https://abs.twimg.com/responsive-web/client-web/vendor.b44439ba.js (86)
[45804:28276:0318/220457.340:INFO:CONSOLE(86)] "Uncaught TypeError: Cannot read properties of undefined (reading 'getIn')", source: https://abs.twimg.com/responsive-web/client-web/vendor.b44439ba.js (86)
[45804:28276:0318/220457.348:INFO:CONSOLE(86)] "Uncaught TypeError: Cannot read properties of undefined (reading 'getIn')", source: https://abs.twimg.com/responsive-web/client-web/vendor.b44439ba.js (86)
[45804:28276:0318/220457.358:INFO:CONSOLE(86)] "Uncaught TypeError: Cannot read properties of undefined (reading 'getIn')", source: https://abs.twimg.com/responsive-web/client-web/vendor.b44439ba.js (86)
[45804:28276:0318/220457.368:INFO:CONSOLE(86)] "Uncaught TypeError: Cannot read properties of undefined (reading 'getIn')", source: https://abs.twimg.com/responsive-web/client-web/vendor.b44439ba.js (86)
[45804:28276:0318/220457.373:INFO:CONSOLE(86)] "Uncaught TypeError: Cannot read properties of undefined (reading 'getIn')", source: https://abs.twimg.com/responsive-web/client-web/vendor.b44439ba.js (86)
[45804:28276:0318/220457.381:INFO:CONSOLE(86)] "Uncaught TypeError: Cannot read properties of undefined (reading 'getIn')", source: https://abs.twimg.com/responsive-web/client-web/vendor.b44439ba.js (86)
[45804:28276:0318/220457.389:INFO:CONSOLE(86)] "Uncaught TypeError: Cannot read properties of undefined (reading 'getIn')", source: https://abs.twimg.com/responsive-web/client-web/vendor.b44439ba.js (86)
[45804:28276:0318/220457.397:INFO:CONSOLE(86)] "Uncaught TypeError: Cannot read properties of undefined (reading 'getIn')", source: https://abs.twimg.com/responsive-web/client-web/vendor.b44439ba.js (86)
[45804:28276:0318/220457.398:INFO:CONSOLE(86)] "Uncaught TypeError: Cannot read properties of undefined (reading 'getIn')", source: https://abs.twimg.com/responsive-web/client-web/vendor.b44439ba.js (86)
[45804:28276:0318/220457.408:INFO:CONSOLE(86)] "Uncaught TypeError: Cannot read properties of undefined (reading 'getIn')", source: https://abs.twimg.com/responsive-web/client-web/vendor.b44439ba.js (86)
[45804:28276:0318/220457.418:INFO:CONSOLE(86)] "Uncaught TypeError: Cannot read properties of undefined (reading 'getIn')", source: https://abs.twimg.com/responsive-web/client-web/vendor.b44439ba.js (86)
[45804:28276:0318/220457.422:INFO:CONSOLE(86)] "Uncaught TypeError: Cannot read properties of undefined (reading 'getIn')", source: https://abs.twimg.com/responsive-web/client-web/vendor.b44439ba.js (86)
[45804:28276:0318/220457.434:INFO:CONSOLE(86)] "Uncaught TypeError: Cannot read properties of undefined (reading 'getIn')", source: https://abs.twimg.com/responsive-web/client-web/vendor.b44439ba.js (86)
[45804:28276:0318/220457.438:INFO:CONSOLE(86)] "Uncaught TypeError: Cannot read properties of undefined (reading 'getIn')", source: https://abs.twimg.com/responsive-web/client-web/vendor.b44439ba.js (86)
[45804:28276:0318/220457.448:INFO:CONSOLE(86)] "Uncaught TypeError: Cannot read properties of undefined (reading 'getIn')", source: https://abs.twimg.com/responsive-web/client-web/vendor.b44439ba.js (86)
[45804:28276:0318/220457.463:INFO:CONSOLE(86)] "Uncaught TypeError: Cannot read properties of undefined (reading 'getIn')", source: https://abs.twimg.com/responsive-web/client-web/vendor.b44439ba.js (86)
[45804:28276:0318/220457.471:INFO:CONSOLE(86)] "Uncaught TypeError: Cannot read properties of undefined (reading 'getIn')", source: https://abs.twimg.com/responsive-web/client-web/vendor.b44439ba.js (86)
[45804:28276:0318/220457.482:INFO:CONSOLE(86)] "Uncaught TypeError: Cannot read properties of undefined (reading 'getIn')", source: https://abs.twimg.com/responsive-web/client-web/vendor.b44439ba.js (86)
[45804:28276:0318/220457.488:INFO:CONSOLE(86)] "Uncaught TypeError: Cannot read properties of undefined (reading 'getIn')", source: https://abs.twimg.com/responsive-web/client-web/vendor.b44439ba.js (86)
[45804:28276:0318/220457.496:INFO:CONSOLE(86)] "Uncaught TypeError: Cannot read properties of undefined (reading 'getIn')", source: https://abs.twimg.com/responsive-web/client-web/vendor.b44439ba.js (86)
[45804:28276:0318/220457.504:INFO:CONSOLE(86)] "Uncaught TypeError: Cannot read properties of undefined (reading 'getIn')", source: https://abs.twimg.com/responsive-web/client-web/vendor.b44439ba.js (86)
[45804:28276:0318/220457.512:INFO:CONSOLE(86)] "Uncaught TypeError: Cannot read properties of undefined (reading 'getIn')", source: https://abs.twimg.com/responsive-web/client-web/vendor.b44439ba.js (86)
[45804:28276:0318/220457.521:INFO:CONSOLE(86)] "Uncaught TypeError: Cannot read properties of undefined (reading 'getIn')", source: https://abs.twimg.com/responsive-web/client-web/vendor.b44439ba.js (86)
[45804:28276:0318/220457.528:INFO:CONSOLE(86)] "Uncaught TypeError: Cannot read properties of undefined (reading 'getIn')", source: https://abs.twimg.com/responsive-web/client-web/vendor.b44439ba.js (86)
[45804:28276:0318/220457.537:INFO:CONSOLE(86)] "Uncaught TypeError: Cannot read properties of undefined (reading 'getIn')", source: https://abs.twimg.com/responsive-web/client-web/vendor.b44439ba.js (86)
[45804:28276:0318/220457.545:INFO:CONSOLE(86)] "Uncaught TypeError: Cannot read properties of undefined (reading 'getIn')", source: https://abs.twimg.com/responsive-web/client-web/vendor.b44439ba.js (86)
[45804:28276:0318/220457.553:INFO:CONSOLE(86)] "Uncaught TypeError: Cannot read properties of undefined (reading 'getIn')", source: https://abs.twimg.com/responsive-web/client-web/vendor.b44439ba.js (86)
[45804:28276:0318/220457.568:INFO:CONSOLE(86)] "Uncaught TypeError: Cannot read properties of undefined (reading 'getIn')", source: https://abs.twimg.com/responsive-web/client-web/vendor.b44439ba.js (86)
[45804:28276:0318/220457.569:INFO:CONSOLE(86)] "Uncaught TypeError: Cannot read properties of undefined (reading 'getIn')", source: https://abs.twimg.com/responsive-web/client-web/vendor.b44439ba.js (86)
[45804:28276:0318/220457.578:INFO:CONSOLE(86)] "Uncaught TypeError: Cannot read properties of undefined (reading 'getIn')", source: https://abs.twimg.com/responsive-web/client-web/vendor.b44439ba.js (86)
[45804:28276:0318/220457.588:INFO:CONSOLE(86)] "Uncaught TypeError: Cannot read properties of undefined (reading 'getIn')", source: https://abs.twimg.com/responsive-web/client-web/vendor.b44439ba.js (86)
[45804:28276:0318/220457.598:INFO:CONSOLE(86)] "Uncaught TypeError: Cannot read properties of undefined (reading 'getIn')", source: https://abs.twimg.com/responsive-web/client-web/vendor.b44439ba.js (86)
[45804:28276:0318/220457.598:INFO:CONSOLE(86)] "Uncaught TypeError: Cannot read properties of undefined (reading 'getIn')", source: https://abs.twimg.com/responsive-web/client-web/vendor.b44439ba.js (86)
[45804:28276:0318/220457.610:INFO:CONSOLE(86)] "Uncaught TypeError: Cannot read properties of undefined (reading 'getIn')", source: https://abs.twimg.com/responsive-web/client-web/vendor.b44439ba.js (86)
[45804:28276:0318/220457.610:INFO:CONSOLE(86)] "Uncaught TypeError: Cannot read properties of undefined (reading 'getIn')", source: https://abs.twimg.com/responsive-web/client-web/vendor.b44439ba.js (86)
[45804:28276:0318/220457.624:INFO:CONSOLE(86)] "Uncaught TypeError: Cannot read properties of undefined (reading 'getIn')", source: https://abs.twimg.com/responsive-web/client-web/vendor.b44439ba.js (86)
[45804:28276:0318/220457.630:INFO:CONSOLE(86)] "Uncaught TypeError: Cannot read properties of undefined (reading 'getIn')", source: https://abs.twimg.com/responsive-web/client-web/vendor.b44439ba.js (86)
[45804:28276:0318/220457.638:INFO:CONSOLE(86)] "Uncaught TypeError: Cannot read properties of undefined (reading 'getIn')", source: https://abs.twimg.com/responsive-web/client-web/vendor.b44439ba.js (86)
[45804:28276:0318/220457.642:INFO:CONSOLE(86)] "Uncaught TypeError: Cannot read properties of undefined (reading 'getIn')", source: https://abs.twimg.com/responsive-web/client-web/vendor.b44439ba.js (86)
[45804:28276:0318/220457.650:INFO:CONSOLE(86)] "Uncaught TypeError: Cannot read properties of undefined (reading 'getIn')", source: https://abs.twimg.com/responsive-web/client-web/vendor.b44439ba.js (86)
[45804:28276:0318/220457.658:INFO:CONSOLE(86)] "Uncaught TypeError: Cannot read properties of undefined (reading 'getIn')", source: https://abs.twimg.com/responsive-web/client-web/vendor.b44439ba.js (86)
[45804:28276:0318/220457.668:INFO:CONSOLE(86)] "Uncaught TypeError: Cannot read properties of undefined (reading 'getIn')", source: https://abs.twimg.com/responsive-web/client-web/vendor.b44439ba.js (86)
[45804:28276:0318/220457.678:INFO:CONSOLE(86)] "Uncaught TypeError: Cannot read properties of undefined (reading 'getIn')", source: https://abs.twimg.com/responsive-web/client-web/vendor.b44439ba.js (86)
[45804:28276:0318/220457.683:INFO:CONSOLE(86)] "Uncaught TypeError: Cannot read properties of undefined (reading 'getIn')", source: https://abs.twimg.com/responsive-web/client-web/vendor.b44439ba.js (86)
[45804:28276:0318/220457.695:INFO:CONSOLE(86)] "Uncaught TypeError: Cannot read properties of undefined (reading 'getIn')", source: https://abs.twimg.com/responsive-web/client-web/vendor.b44439ba.js (86)
[45804:28276:0318/220457.704:INFO:CONSOLE(86)] "Uncaught TypeError: Cannot read properties of undefined (reading 'getIn')", source: https://abs.twimg.com/responsive-web/client-web/vendor.b44439ba.js (86)
[45804:28276:0318/220457.712:INFO:CONSOLE(86)] "Uncaught TypeError: Cannot read properties of undefined (reading 'getIn')", source: https://abs.twimg.com/responsive-web/client-web/vendor.b44439ba.js (86)
[45804:28276:0318/220457.718:INFO:CONSOLE(86)] "Uncaught TypeError: Cannot read properties of undefined (reading 'getIn')", source: https://abs.twimg.com/responsive-web/client-web/vendor.b44439ba.js (86)
[45804:28276:0318/220457.725:INFO:CONSOLE(86)] "Uncaught TypeError: Cannot read properties of undefined (reading 'getIn')", source: https://abs.twimg.com/responsive-web/client-web/vendor.b44439ba.js (86)
[45804:28276:0318/220457.734:INFO:CONSOLE(86)] "Uncaught TypeError: Cannot read properties of undefined (reading 'getIn')", source: https://abs.twimg.com/responsive-web/client-web/vendor.b44439ba.js (86)
[45804:28276:0318/220457.740:INFO:CONSOLE(86)] "Uncaught TypeError: Cannot read properties of undefined (reading 'getIn')", source: https://abs.twimg.com/responsive-web/client-web/vendor.b44439ba.js (86)
[45804:28276:0318/220457.748:INFO:CONSOLE(86)] "Uncaught TypeError: Cannot read properties of undefined (reading 'getIn')", source: https://abs.twimg.com/responsive-web/client-web/vendor.b44439ba.js (86)
[45804:28276:0318/220457.758:INFO:CONSOLE(86)] "Uncaught TypeError: Cannot read properties of undefined (reading 'getIn')", source: https://abs.twimg.com/responsive-web/client-web/vendor.b44439ba.js (86)
[45804:28276:0318/220457.768:INFO:CONSOLE(86)] "Uncaught TypeError: Cannot read properties of undefined (reading 'getIn')", source: https://abs.twimg.com/responsive-web/client-web/vendor.b44439ba.js (86)
[45804:28276:0318/220457.778:INFO:CONSOLE(86)] "Uncaught TypeError: Cannot read properties of undefined (reading 'getIn')", source: https://abs.twimg.com/responsive-web/client-web/vendor.b44439ba.js (86)
[45804:28276:0318/220457.781:INFO:CONSOLE(86)] "Uncaught TypeError: Cannot read properties of undefined (reading 'getIn')", source: https://abs.twimg.com/responsive-web/client-web/vendor.b44439ba.js (86)
[45804:28276:0318/220457.793:INFO:CONSOLE(86)] "Uncaught TypeError: Cannot read properties of undefined (reading 'getIn')", source: https://abs.twimg.com/responsive-web/client-web/vendor.b44439ba.js (86)
[45804:28276:0318/220457.800:INFO:CONSOLE(86)] "Uncaught TypeError: Cannot read properties of undefined (reading 'getIn')", source: https://abs.twimg.com/responsive-web/client-web/vendor.b44439ba.js (86)
[45804:28276:0318/220457.808:INFO:CONSOLE(86)] "Uncaught TypeError: Cannot read properties of undefined (reading 'getIn')", source: https://abs.twimg.com/responsive-web/client-web/vendor.b44439ba.js (86)
[45804:28276:0318/220457.812:INFO:CONSOLE(86)] "Uncaught TypeError: Cannot read properties of undefined (reading 'getIn')", source: https://abs.twimg.com/responsive-web/client-web/vendor.b44439ba.js (86)
[45804:28276:0318/220457.824:INFO:CONSOLE(86)] "Uncaught TypeError: Cannot read properties of undefined (reading 'getIn')", source: https://abs.twimg.com/responsive-web/client-web/vendor.b44439ba.js (86)
[45804:28276:0318/220457.828:INFO:CONSOLE(86)] "Uncaught TypeError: Cannot read properties of undefined (reading 'getIn')", source: https://abs.twimg.com/responsive-web/client-web/vendor.b44439ba.js (86)
[45804:28276:0318/220457.838:INFO:CONSOLE(86)] "Uncaught TypeError: Cannot read properties of undefined (reading 'getIn')", source: https://abs.twimg.com/responsive-web/client-web/vendor.b44439ba.js (86)
[45804:28276:0318/220457.846:INFO:CONSOLE(86)] "Uncaught TypeError: Cannot read properties of undefined (reading 'getIn')", source: https://abs.twimg.com/responsive-web/client-web/vendor.b44439ba.js (86)
[45804:28276:0318/220457.853:INFO:CONSOLE(86)] "Uncaught TypeError: Cannot read properties of undefined (reading 'getIn')", source: https://abs.twimg.com/responsive-web/client-web/vendor.b44439ba.js (86)
[45804:28276:0318/220457.861:INFO:CONSOLE(86)] "Uncaught TypeError: Cannot read properties of undefined (reading 'getIn')", source: https://abs.twimg.com/responsive-web/client-web/vendor.b44439ba.js (86)
[45804:28276:0318/220457.868:INFO:CONSOLE(86)] "Uncaught TypeError: Cannot read properties of undefined (reading 'getIn')", source: https://abs.twimg.com/responsive-web/client-web/vendor.b44439ba.js (86)
[45804:28276:0318/220457.877:INFO:CONSOLE(86)] "Uncaught TypeError: Cannot read properties of undefined (reading 'getIn')", source: https://abs.twimg.com/responsive-web/client-web/vendor.b44439ba.js (86)
[45804:28276:0318/220457.885:INFO:CONSOLE(86)] "Uncaught TypeError: Cannot read properties of undefined (reading 'getIn')", source: https://abs.twimg.com/responsive-web/client-web/vendor.b44439ba.js (86)
[45804:28276:0318/220457.892:INFO:CONSOLE(86)] "Uncaught TypeError: Cannot read properties of undefined (reading 'getIn')", source: https://abs.twimg.com/responsive-web/client-web/vendor.b44439ba.js (86)
[45804:28276:0318/220457.902:INFO:CONSOLE(86)] "Uncaught TypeError: Cannot read properties of undefined (reading 'getIn')", source: https://abs.twimg.com/responsive-web/client-web/vendor.b44439ba.js (86)
[45804:28276:0318/220457.908:INFO:CONSOLE(86)] "Uncaught TypeError: Cannot read properties of undefined (reading 'getIn')", source: https://abs.twimg.com/responsive-web/client-web/vendor.b44439ba.js (86)
[45804:28276:0318/220457.918:INFO:CONSOLE(86)] "Uncaught TypeError: Cannot read properties of undefined (reading 'getIn')", source: https://abs.twimg.com/responsive-web/client-web/vendor.b44439ba.js (86)
[45804:28276:0318/220457.925:INFO:CONSOLE(86)] "Uncaught TypeError: Cannot read properties of undefined (reading 'getIn')", source: https://abs.twimg.com/responsive-web/client-web/vendor.b44439ba.js (86)
[45804:28276:0318/220457.936:INFO:CONSOLE(86)] "Uncaught TypeError: Cannot read properties of undefined (reading 'getIn')", source: https://abs.twimg.com/responsive-web/client-web/vendor.b44439ba.js (86)
[45804:28276:0318/220457.942:INFO:CONSOLE(86)] "Uncaught TypeError: Cannot read properties of undefined (reading 'getIn')", source: https://abs.twimg.com/responsive-web/client-web/vendor.b44439ba.js (86)
[45804:28276:0318/220457.950:INFO:CONSOLE(86)] "Uncaught TypeError: Cannot read properties of undefined (reading 'getIn')", source: https://abs.twimg.com/responsive-web/client-web/vendor.b44439ba.js (86)
[45804:28276:0318/220457.961:INFO:CONSOLE(86)] "Uncaught TypeError: Cannot read properties of undefined (reading 'getIn')", source: https://abs.twimg.com/responsive-web/client-web/vendor.b44439ba.js (86)
[45804:28276:0318/220457.970:INFO:CONSOLE(86)] "Uncaught TypeError: Cannot read properties of undefined (reading 'getIn')", source: https://abs.twimg.com/responsive-web/client-web/vendor.b44439ba.js (86)
[45804:28276:0318/220457.978:INFO:CONSOLE(86)] "Uncaught TypeError: Cannot read properties of undefined (reading 'getIn')", source: https://abs.twimg.com/responsive-web/client-web/vendor.b44439ba.js (86)
[45804:28276:0318/220457.984:INFO:CONSOLE(86)] "Uncaught TypeError: Cannot read properties of undefined (reading 'getIn')", source: https://abs.twimg.com/responsive-web/client-web/vendor.b44439ba.js (86)
[45804:28276:0318/220457.993:INFO:CONSOLE(86)] "Uncaught TypeError: Cannot read properties of undefined (reading 'getIn')", source: https://abs.twimg.com/responsive-web/client-web/vendor.b44439ba.js (86)
[45804:28276:0318/220458.000:INFO:CONSOLE(86)] "Uncaught TypeError: Cannot read properties of undefined (reading 'getIn')", source: https://abs.twimg.com/responsive-web/client-web/vendor.b44439ba.js (86)
[45804:28276:0318/220458.008:INFO:CONSOLE(86)] "Uncaught TypeError: Cannot read properties of undefined (reading 'getIn')", source: https://abs.twimg.com/responsive-web/client-web/vendor.b44439ba.js (86)
[45804:28276:0318/220458.018:INFO:CONSOLE(86)] "Uncaught TypeError: Cannot read properties of undefined (reading 'getIn')", source: https://abs.twimg.com/responsive-web/client-web/vendor.b44439ba.js (86)
[45804:28276:0318/220458.018:INFO:CONSOLE(86)] "Uncaught TypeError: Cannot read properties of undefined (reading 'getIn')", source: https://abs.twimg.com/responsive-web/client-web/vendor.b44439ba.js (86)
[45804:28276:0318/220458.028:INFO:CONSOLE(86)] "Uncaught TypeError: Cannot read properties of undefined (reading 'getIn')", source: https://abs.twimg.com/responsive-web/client-web/vendor.b44439ba.js (86)
[45804:28276:0318/220458.038:INFO:CONSOLE(86)] "Uncaught TypeError: Cannot read properties of undefined (reading 'getIn')", source: https://abs.twimg.com/responsive-web/client-web/vendor.b44439ba.js (86)
[45804:28276:0318/220458.041:INFO:CONSOLE(86)] "Uncaught TypeError: Cannot read properties of undefined (reading 'getIn')", source: https://abs.twimg.com/responsive-web/client-web/vendor.b44439ba.js (86)
[45804:28276:0318/220458.049:INFO:CONSOLE(86)] "Uncaught TypeError: Cannot read properties of undefined (reading 'getIn')", source: https://abs.twimg.com/responsive-web/client-web/vendor.b44439ba.js (86)
[45804:28276:0318/220458.060:INFO:CONSOLE(86)] "Uncaught TypeError: Cannot read properties of undefined (reading 'getIn')", source: https://abs.twimg.com/responsive-web/client-web/vendor.b44439ba.js (86)
[45804:28276:0318/220458.060:INFO:CONSOLE(86)] "Uncaught TypeError: Cannot read properties of undefined (reading 'getIn')", source: https://abs.twimg.com/responsive-web/client-web/vendor.b44439ba.js (86)
[45804:28276:0318/220458.068:INFO:CONSOLE(86)] "Uncaught TypeError: Cannot read properties of undefined (reading 'getIn')", source: https://abs.twimg.com/responsive-web/client-web/vendor.b44439ba.js (86)
[45804:28276:0318/220458.078:INFO:CONSOLE(86)] "Uncaught TypeError: Cannot read properties of undefined (reading 'getIn')", source: https://abs.twimg.com/responsive-web/client-web/vendor.b44439ba.js (86)
[45804:28276:0318/220458.082:INFO:CONSOLE(86)] "Uncaught TypeError: Cannot read properties of undefined (reading 'getIn')", source: https://abs.twimg.com/responsive-web/client-web/vendor.b44439ba.js (86)
[45804:28276:0318/220458.092:INFO:CONSOLE(86)] "Uncaught TypeError: Cannot read properties of undefined (reading 'getIn')", source: https://abs.twimg.com/responsive-web/client-web/vendor.b44439ba.js (86)
[45804:28276:0318/220458.098:INFO:CONSOLE(86)] "Uncaught TypeError: Cannot read properties of undefined (reading 'getIn')", source: https://abs.twimg.com/responsive-web/client-web/vendor.b44439ba.js (86)
[45804:28276:0318/220458.107:INFO:CONSOLE(86)] "Uncaught TypeError: Cannot read properties of undefined (reading 'getIn')", source: https://abs.twimg.com/responsive-web/client-web/vendor.b44439ba.js (86)
[45804:28276:0318/220458.108:INFO:CONSOLE(86)] "Uncaught TypeError: Cannot read properties of undefined (reading 'getIn')", source: https://abs.twimg.com/responsive-web/client-web/vendor.b44439ba.js (86)
[45804:28276:0318/220458.123:INFO:CONSOLE(86)] "Uncaught TypeError: Cannot read properties of undefined (reading 'getIn')", source: https://abs.twimg.com/responsive-web/client-web/vendor.b44439ba.js (86)
[45804:28276:0318/220458.131:INFO:CONSOLE(86)] "Uncaught TypeError: Cannot read properties of undefined (reading 'getIn')", source: https://abs.twimg.com/responsive-web/client-web/vendor.b44439ba.js (86)
[45804:28276:0318/220458.138:INFO:CONSOLE(86)] "Uncaught TypeError: Cannot read properties of undefined (reading 'getIn')", source: https://abs.twimg.com/responsive-web/client-web/vendor.b44439ba.js (86)
[45804:28276:0318/220458.140:INFO:CONSOLE(86)] "Uncaught TypeError: Cannot read properties of undefined (reading 'getIn')", source: https://abs.twimg.com/responsive-web/client-web/vendor.b44439ba.js (86)
[45804:28276:0318/220458.148:INFO:CONSOLE(86)] "Uncaught TypeError: Cannot read properties of undefined (reading 'getIn')", source: https://abs.twimg.com/responsive-web/client-web/vendor.b44439ba.js (86)
[45804:28276:0318/220458.158:INFO:CONSOLE(86)] "Uncaught TypeError: Cannot read properties of undefined (reading 'getIn')", source: https://abs.twimg.com/responsive-web/client-web/vendor.b44439ba.js (86)
[45804:28276:0318/220458.163:INFO:CONSOLE(86)] "Uncaught TypeError: Cannot read properties of undefined (reading 'getIn')", source: https://abs.twimg.com/responsive-web/client-web/vendor.b44439ba.js (86)
[45804:28276:0318/220458.179:INFO:CONSOLE(86)] "Uncaught TypeError: Cannot read properties of undefined (reading 'getIn')", source: https://abs.twimg.com/responsive-web/client-web/vendor.b44439ba.js (86)
[45804:28276:0318/220458.188:INFO:CONSOLE(86)] "Uncaught TypeError: Cannot read properties of undefined (reading 'getIn')", source: https://abs.twimg.com/responsive-web/client-web/vendor.b44439ba.js (86)
[45804:28276:0318/220458.188:INFO:CONSOLE(86)] "Uncaught TypeError: Cannot read properties of undefined (reading 'getIn')", source: https://abs.twimg.com/responsive-web/client-web/vendor.b44439ba.js (86)
[45804:28276:0318/220458.198:INFO:CONSOLE(86)] "Uncaught TypeError: Cannot read properties of undefined (reading 'getIn')", source: https://abs.twimg.com/responsive-web/client-web/vendor.b44439ba.js (86)
[45804:28276:0318/220458.204:INFO:CONSOLE(86)] "Uncaught TypeError: Cannot read properties of undefined (reading 'getIn')", source: https://abs.twimg.com/responsive-web/client-web/vendor.b44439ba.js (86)
[45804:28276:0318/220458.212:INFO:CONSOLE(86)] "Uncaught TypeError: Cannot read properties of undefined (reading 'getIn')", source: https://abs.twimg.com/responsive-web/client-web/vendor.b44439ba.js (86)
[45804:28276:0318/220458.218:INFO:CONSOLE(86)] "Uncaught TypeError: Cannot read properties of undefined (reading 'getIn')", source: https://abs.twimg.com/responsive-web/client-web/vendor.b44439ba.js (86)
[45804:28276:0318/220458.228:INFO:CONSOLE(86)] "Uncaught TypeError: Cannot read properties of undefined (reading 'getIn')", source: https://abs.twimg.com/responsive-web/client-web/vendor.b44439ba.js (86)
[45804:28276:0318/220458.234:INFO:CONSOLE(86)] "Uncaught TypeError: Cannot read properties of undefined (reading 'getIn')", source: https://abs.twimg.com/responsive-web/client-web/vendor.b44439ba.js (86)
[45804:28276:0318/220458.238:INFO:CONSOLE(86)] "Uncaught TypeError: Cannot read properties of undefined (reading 'getIn')", source: https://abs.twimg.com/responsive-web/client-web/vendor.b44439ba.js (86)
[45804:28276:0318/220458.248:INFO:CONSOLE(86)] "Uncaught TypeError: Cannot read properties of undefined (reading 'getIn')", source: https://abs.twimg.com/responsive-web/client-web/vendor.b44439ba.js (86)
[45804:28276:0318/220458.254:INFO:CONSOLE(86)] "Uncaught TypeError: Cannot read properties of undefined (reading 'getIn')", source: https://abs.twimg.com/responsive-web/client-web/vendor.b44439ba.js (86)
[45804:28276:0318/220458.262:INFO:CONSOLE(86)] "Uncaught TypeError: Cannot read properties of undefined (reading 'getIn')", source: https://abs.twimg.com/responsive-web/client-web/vendor.b44439ba.js (86)
[45804:28276:0318/220458.269:INFO:CONSOLE(86)] "Uncaught TypeError: Cannot read properties of undefined (reading 'getIn')", source: https://abs.twimg.com/responsive-web/client-web/vendor.b44439ba.js (86)
[45804:28276:0318/220458.278:INFO:CONSOLE(86)] "Uncaught TypeError: Cannot read properties of undefined (reading 'getIn')", source: https://abs.twimg.com/responsive-web/client-web/vendor.b44439ba.js (86)
[45804:28276:0318/220458.288:INFO:CONSOLE(86)] "Uncaught TypeError: Cannot read properties of undefined (reading 'getIn')", source: https://abs.twimg.com/responsive-web/client-web/vendor.b44439ba.js (86)
[45804:28276:0318/220458.294:INFO:CONSOLE(86)] "Uncaught TypeError: Cannot read properties of undefined (reading 'getIn')", source: https://abs.twimg.com/responsive-web/client-web/vendor.b44439ba.js (86)
[45804:28276:0318/220458.302:INFO:CONSOLE(86)] "Uncaught TypeError: Cannot read properties of undefined (reading 'getIn')", source: https://abs.twimg.com/responsive-web/client-web/vendor.b44439ba.js (86)
[45804:28276:0318/220458.308:INFO:CONSOLE(86)] "Uncaught TypeError: Cannot read properties of undefined (reading 'getIn')", source: https://abs.twimg.com/responsive-web/client-web/vendor.b44439ba.js (86)
[45804:28276:0318/220458.310:INFO:CONSOLE(86)] "Uncaught TypeError: Cannot read properties of undefined (reading 'getIn')", source: https://abs.twimg.com/responsive-web/client-web/vendor.b44439ba.js (86)
[45804:28276:0318/220458.319:INFO:CONSOLE(86)] "Uncaught TypeError: Cannot read properties of undefined (reading 'getIn')", source: https://abs.twimg.com/responsive-web/client-web/vendor.b44439ba.js (86)
[45804:28276:0318/220458.328:INFO:CONSOLE(86)] "Uncaught TypeError: Cannot read properties of undefined (reading 'getIn')", source: https://abs.twimg.com/responsive-web/client-web/vendor.b44439ba.js (86)
[45804:28276:0318/220458.338:INFO:CONSOLE(86)] "Uncaught TypeError: Cannot read properties of undefined (reading 'getIn')", source: https://abs.twimg.com/responsive-web/client-web/vendor.b44439ba.js (86)
[45804:28276:0318/220458.342:INFO:CONSOLE(86)] "Uncaught TypeError: Cannot read properties of undefined (reading 'getIn')", source: https://abs.twimg.com/responsive-web/client-web/vendor.b44439ba.js (86)
[45804:28276:0318/220458.351:INFO:CONSOLE(86)] "Uncaught TypeError: Cannot read properties of undefined (reading 'getIn')", source: https://abs.twimg.com/responsive-web/client-web/vendor.b44439ba.js (86)
[45804:28276:0318/220458.361:INFO:CONSOLE(86)] "Uncaught TypeError: Cannot read properties of undefined (reading 'getIn')", source: https://abs.twimg.com/responsive-web/client-web/vendor.b44439ba.js (86)
[45804:28276:0318/220458.367:INFO:CONSOLE(86)] "Uncaught TypeError: Cannot read properties of undefined (reading 'getIn')", source: https://abs.twimg.com/responsive-web/client-web/vendor.b44439ba.js (86)
[45804:28276:0318/220458.373:INFO:CONSOLE(86)] "Uncaught TypeError: Cannot read properties of undefined (reading 'getIn')", source: https://abs.twimg.com/responsive-web/client-web/vendor.b44439ba.js (86)
[45804:28276:0318/220458.381:INFO:CONSOLE(86)] "Uncaught TypeError: Cannot read properties of undefined (reading 'getIn')", source: https://abs.twimg.com/responsive-web/client-web/vendor.b44439ba.js (86)
[45804:28276:0318/220458.388:INFO:CONSOLE(86)] "Uncaught TypeError: Cannot read properties of undefined (reading 'getIn')", source: https://abs.twimg.com/responsive-web/client-web/vendor.b44439ba.js (86)
[45804:28276:0318/220458.391:INFO:CONSOLE(86)] "Uncaught TypeError: Cannot read properties of undefined (reading 'getIn')", source: https://abs.twimg.com/responsive-web/client-web/vendor.b44439ba.js (86)
[45804:28276:0318/220458.400:INFO:CONSOLE(86)] "Uncaught TypeError: Cannot read properties of undefined (reading 'getIn')", source: https://abs.twimg.com/responsive-web/client-web/vendor.b44439ba.js (86)
[45804:28276:0318/220458.408:INFO:CONSOLE(86)] "Uncaught TypeError: Cannot read properties of undefined (reading 'getIn')", source: https://abs.twimg.com/responsive-web/client-web/vendor.b44439ba.js (86)
[45804:28276:0318/220458.418:INFO:CONSOLE(86)] "Uncaught TypeError: Cannot read properties of undefined (reading 'getIn')", source: https://abs.twimg.com/responsive-web/client-web/vendor.b44439ba.js (86)
[45804:28276:0318/220458.425:INFO:CONSOLE(86)] "Uncaught TypeError: Cannot read properties of undefined (reading 'getIn')", source: https://abs.twimg.com/responsive-web/client-web/vendor.b44439ba.js (86)
[45804:28276:0318/220458.428:INFO:CONSOLE(86)] "Uncaught TypeError: Cannot read properties of undefined (reading 'getIn')", source: https://abs.twimg.com/responsive-web/client-web/vendor.b44439ba.js (86)
[45804:28276:0318/220458.441:INFO:CONSOLE(86)] "Uncaught TypeError: Cannot read properties of undefined (reading 'getIn')", source: https://abs.twimg.com/responsive-web/client-web/vendor.b44439ba.js (86)
[45804:28276:0318/220458.448:INFO:CONSOLE(86)] "Uncaught TypeError: Cannot read properties of undefined (reading 'getIn')", source: https://abs.twimg.com/responsive-web/client-web/vendor.b44439ba.js (86)
[45804:28276:0318/220458.458:INFO:CONSOLE(86)] "Uncaught TypeError: Cannot read properties of undefined (reading 'getIn')", source: https://abs.twimg.com/responsive-web/client-web/vendor.b44439ba.js (86)
[45804:28276:0318/220458.468:INFO:CONSOLE(86)] "Uncaught TypeError: Cannot read properties of undefined (reading 'getIn')", source: https://abs.twimg.com/responsive-web/client-web/vendor.b44439ba.js (86)
[45804:28276:0318/220458.473:INFO:CONSOLE(86)] "Uncaught TypeError: Cannot read properties of undefined (reading 'getIn')", source: https://abs.twimg.com/responsive-web/client-web/vendor.b44439ba.js (86)
[45804:28276:0318/220458.481:INFO:CONSOLE(86)] "Uncaught TypeError: Cannot read properties of undefined (reading 'getIn')", source: https://abs.twimg.com/responsive-web/client-web/vendor.b44439ba.js (86)
[45804:28276:0318/220458.490:INFO:CONSOLE(86)] "Uncaught TypeError: Cannot read properties of undefined (reading 'getIn')", source: https://abs.twimg.com/responsive-web/client-web/vendor.b44439ba.js (86)
[45804:28276:0318/220458.498:INFO:CONSOLE(86)] "Uncaught TypeError: Cannot read properties of undefined (reading 'getIn')", source: https://abs.twimg.com/responsive-web/client-web/vendor.b44439ba.js (86)
[45804:28276:0318/220458.498:INFO:CONSOLE(86)] "Uncaught TypeError: Cannot read properties of undefined (reading 'getIn')", source: https://abs.twimg.com/responsive-web/client-web/vendor.b44439ba.js (86)
[45804:28276:0318/220458.508:INFO:CONSOLE(86)] "Uncaught TypeError: Cannot read properties of undefined (reading 'getIn')", source: https://abs.twimg.com/responsive-web/client-web/vendor.b44439ba.js (86)
[45804:28276:0318/220458.521:INFO:CONSOLE(86)] "Uncaught TypeError: Cannot read properties of undefined (reading 'getIn')", source: https://abs.twimg.com/responsive-web/client-web/vendor.b44439ba.js (86)
[45804:28276:0318/220458.527:INFO:CONSOLE(86)] "Uncaught TypeError: Cannot read properties of undefined (reading 'getIn')", source: https://abs.twimg.com/responsive-web/client-web/vendor.b44439ba.js (86)
[45804:28276:0318/220458.532:INFO:CONSOLE(86)] "Uncaught TypeError: Cannot read properties of undefined (reading 'getIn')", source: https://abs.twimg.com/responsive-web/client-web/vendor.b44439ba.js (86)
[45804:28276:0318/220458.540:INFO:CONSOLE(86)] "Uncaught TypeError: Cannot read properties of undefined (reading 'getIn')", source: https://abs.twimg.com/responsive-web/client-web/vendor.b44439ba.js (86)
[45804:28276:0318/220458.546:INFO:CONSOLE(86)] "Uncaught TypeError: Cannot read properties of undefined (reading 'getIn')", source: https://abs.twimg.com/responsive-web/client-web/vendor.b44439ba.js (86)
[45804:28276:0318/220458.554:INFO:CONSOLE(86)] "Uncaught TypeError: Cannot read properties of undefined (reading 'getIn')", source: https://abs.twimg.com/responsive-web/client-web/vendor.b44439ba.js (86)
[45804:28276:0318/220458.560:INFO:CONSOLE(86)] "Uncaught TypeError: Cannot read properties of undefined (reading 'getIn')", source: https://abs.twimg.com/responsive-web/client-web/vendor.b44439ba.js (86)
[45804:28276:0318/220458.564:INFO:CONSOLE(86)] "Uncaught TypeError: Cannot read properties of undefined (reading 'getIn')", source: https://abs.twimg.com/responsive-web/client-web/vendor.b44439ba.js (86)
[45804:28276:0318/220458.570:INFO:CONSOLE(86)] "Uncaught TypeError: Cannot read properties of undefined (reading 'getIn')", source: https://abs.twimg.com/responsive-web/client-web/vendor.b44439ba.js (86)
[45804:28276:0318/220458.578:INFO:CONSOLE(86)] "Uncaught TypeError: Cannot read properties of undefined (reading 'getIn')", source: https://abs.twimg.com/responsive-web/client-web/vendor.b44439ba.js (86)
[45804:28276:0318/220458.588:INFO:CONSOLE(86)] "Uncaught TypeError: Cannot read properties of undefined (reading 'getIn')", source: https://abs.twimg.com/responsive-web/client-web/vendor.b44439ba.js (86)
[45804:28276:0318/220458.603:INFO:CONSOLE(86)] "Uncaught TypeError: Cannot read properties of undefined (reading 'getIn')", source: https://abs.twimg.com/responsive-web/client-web/vendor.b44439ba.js (86)
[45804:28276:0318/220458.611:INFO:CONSOLE(86)] "Uncaught TypeError: Cannot read properties of undefined (reading 'getIn')", source: https://abs.twimg.com/responsive-web/client-web/vendor.b44439ba.js (86)
[45804:28276:0318/220458.618:INFO:CONSOLE(86)] "Uncaught TypeError: Cannot read properties of undefined (reading 'getIn')", source: https://abs.twimg.com/responsive-web/client-web/vendor.b44439ba.js (86)
[45804:28276:0318/220458.630:INFO:CONSOLE(86)] "Uncaught TypeError: Cannot read properties of undefined (reading 'getIn')", source: https://abs.twimg.com/responsive-web/client-web/vendor.b44439ba.js (86)
[45804:28276:0318/220458.635:INFO:CONSOLE(86)] "Uncaught TypeError: Cannot read properties of undefined (reading 'getIn')", source: https://abs.twimg.com/responsive-web/client-web/vendor.b44439ba.js (86)
[45804:28276:0318/220458.644:INFO:CONSOLE(86)] "Uncaught TypeError: Cannot read properties of undefined (reading 'getIn')", source: https://abs.twimg.com/responsive-web/client-web/vendor.b44439ba.js (86)
[45804:28276:0318/220458.650:INFO:CONSOLE(86)] "Uncaught TypeError: Cannot read properties of undefined (reading 'getIn')", source: https://abs.twimg.com/responsive-web/client-web/vendor.b44439ba.js (86)
[45804:28276:0318/220458.652:INFO:CONSOLE(86)] "Uncaught TypeError: Cannot read properties of undefined (reading 'getIn')", source: https://abs.twimg.com/responsive-web/client-web/vendor.b44439ba.js (86)
[45804:28276:0318/220458.658:INFO:CONSOLE(86)] "Uncaught TypeError: Cannot read properties of undefined (reading 'getIn')", source: https://abs.twimg.com/responsive-web/client-web/vendor.b44439ba.js (86)
[45804:28276:0318/220458.668:INFO:CONSOLE(86)] "Uncaught TypeError: Cannot read properties of undefined (reading 'getIn')", source: https://abs.twimg.com/responsive-web/client-web/vendor.b44439ba.js (86)
[45804:28276:0318/220458.678:INFO:CONSOLE(86)] "Uncaught TypeError: Cannot read properties of undefined (reading 'getIn')", source: https://abs.twimg.com/responsive-web/client-web/vendor.b44439ba.js (86)
[45804:28276:0318/220458.682:INFO:CONSOLE(86)] "Uncaught TypeError: Cannot read properties of undefined (reading 'getIn')", source: https://abs.twimg.com/responsive-web/client-web/vendor.b44439ba.js (86)
[45804:28276:0318/220458.690:INFO:CONSOLE(86)] "Uncaught TypeError: Cannot read properties of undefined (reading 'getIn')", source: https://abs.twimg.com/responsive-web/client-web/vendor.b44439ba.js (86)
[45804:28276:0318/220458.698:INFO:CONSOLE(86)] "Uncaught TypeError: Cannot read properties of undefined (reading 'getIn')", source: https://abs.twimg.com/responsive-web/client-web/vendor.b44439ba.js (86)
[45804:28276:0318/220458.699:INFO:CONSOLE(86)] "Uncaught TypeError: Cannot read properties of undefined (reading 'getIn')", source: https://abs.twimg.com/responsive-web/client-web/vendor.b44439ba.js (86)
[45804:28276:0318/220458.708:INFO:CONSOLE(86)] "Uncaught TypeError: Cannot read properties of undefined (reading 'getIn')", source: https://abs.twimg.com/responsive-web/client-web/vendor.b44439ba.js (86)
[45804:28276:0318/220458.723:INFO:CONSOLE(86)] "Uncaught TypeError: Cannot read properties of undefined (reading 'getIn')", source: https://abs.twimg.com/responsive-web/client-web/vendor.b44439ba.js (86)
[45804:28276:0318/220505.765:INFO:CONSOLE(0)] "The resource https://rr6---sn-8pgbpohxqp5-aigy.googlevideo.com/generate_204?conn2 was preloaded using link preload but not used within a few seconds from the window's load event. Please make sure it has an appropriate `as` value and it is preloaded intentionally.", source: https://www.youtube.com/watch?v=4Crzd5WbTxM (0)
[45804:28276:0318/220505.765:INFO:CONSOLE(0)] "The resource https://rr6---sn-8pgbpohxqp5-aigy.googlevideo.com/generate_204 was preloaded using link preload but not used within a few seconds from the window's load event. Please make sure it has an appropriate `as` value and it is preloaded intentionally.", source: https://www.youtube.com/watch?v=4Crzd5WbTxM (0)
[45804:28276:0318/220505.765:INFO:CONSOLE(0)] "The resource https://i.ytimg.com/generate_204 was preloaded using link preload but not used within a few seconds from the window's load event. Please make sure it has an appropriate `as` value and it is preloaded intentionally.", source: https://www.youtube.com/watch?v=4Crzd5WbTxM (0)
[41336:48160:0318/220507.828:WARNING:sqlite_persistent_store_backend_base.cc(198)] Failed to post task from FlushAndNotifyInBackground@net\extras\sqlite\sqlite_persistent_store_backend_base.cc:248 to client_task_runner_.
[41336:48160:0318/220507.828:WARNING:sqlite_persistent_store_backend_base.cc(198)] Failed to post task from FlushAndNotifyInBackground@net\extras\sqlite\sqlite_persistent_store_backend_base.cc:248 to client_task_runner_.
